<?xml version="1.0" encoding="UTF-8"?>
<testsuite xmlns:xsi="http://www.w3.org/2001/XMLSchema-instance" xsi:noNamespaceSchemaLocation="https://maven.apache.org/surefire/maven-surefire-plugin/xsd/surefire-test-report.xsd" name="es.ull.etsii.MovieRunnerSimilarRatingsTest" time="0" tests="7" errors="0" skipped="0" failures="0">
  <properties>
    <property name="sun.desktop" value="gnome"/>
    <property name="awt.toolkit" value="sun.awt.X11.XToolkit"/>
    <property name="java.specification.version" value="11"/>
    <property name="sun.cpu.isalist" value=""/>
    <property name="sun.jnu.encoding" value="UTF-8"/>
    <property name="java.class.path" value="/home/rodrigo/Documentos/LABORATORIO/LDH_PFInal/target/test-classes:/home/rodrigo/Documentos/LABORATORIO/LDH_PFInal/target/classes:/home/rodrigo/.m2/repository/junit/junit/4.11/junit-4.11.jar:/home/rodrigo/.m2/repository/org/hamcrest/hamcrest-core/1.3/hamcrest-core-1.3.jar:/home/rodrigo/.m2/repository/org/apache/commons/commons-lang3/3.1/commons-lang3-3.1.jar:/home/rodrigo/.m2/repository/org/apache/commons/commons-csv/1.9.0/commons-csv-1.9.0.jar:"/>
    <property name="java.vm.vendor" value="Ubuntu"/>
    <property name="sun.arch.data.model" value="64"/>
    <property name="java.vendor.url" value="https://ubuntu.com/"/>
    <property name="user.timezone" value=""/>
    <property name="java.vm.specification.version" value="11"/>
    <property name="os.name" value="Linux"/>
    <property name="sun.java.launcher" value="SUN_STANDARD"/>
    <property name="user.country" value="ES"/>
    <property name="sun.boot.library.path" value="/usr/lib/jvm/java-11-openjdk-amd64/lib"/>
    <property name="sun.java.command" value="/home/rodrigo/Documentos/LABORATORIO/LDH_PFInal/target/surefire/surefirebooter14994473017314612173.jar /home/rodrigo/Documentos/LABORATORIO/LDH_PFInal/target/surefire 2022-12-26T16-42-29_256-jvmRun1 surefire11906556714889998453tmp surefire_018156095531581295864tmp"/>
    <property name="jdk.debug" value="release"/>
    <property name="surefire.test.class.path" value="/home/rodrigo/Documentos/LABORATORIO/LDH_PFInal/target/test-classes:/home/rodrigo/Documentos/LABORATORIO/LDH_PFInal/target/classes:/home/rodrigo/.m2/repository/junit/junit/4.11/junit-4.11.jar:/home/rodrigo/.m2/repository/org/hamcrest/hamcrest-core/1.3/hamcrest-core-1.3.jar:/home/rodrigo/.m2/repository/org/apache/commons/commons-lang3/3.1/commons-lang3-3.1.jar:/home/rodrigo/.m2/repository/org/apache/commons/commons-csv/1.9.0/commons-csv-1.9.0.jar:"/>
    <property name="sun.cpu.endian" value="little"/>
    <property name="user.home" value="/home/rodrigo"/>
    <property name="user.language" value="es"/>
    <property name="java.specification.vendor" value="Oracle Corporation"/>
    <property name="java.version.date" value="2022-10-18"/>
    <property name="java.home" value="/usr/lib/jvm/java-11-openjdk-amd64"/>
    <property name="file.separator" value="/"/>
    <property name="basedir" value="/home/rodrigo/Documentos/LABORATORIO/LDH_PFInal"/>
    <property name="java.vm.compressedOopsMode" value="Zero based"/>
    <property name="line.separator" value="&#10;"/>
    <property name="java.specification.name" value="Java Platform API Specification"/>
    <property name="java.vm.specification.vendor" value="Oracle Corporation"/>
    <property name="java.awt.graphicsenv" value="sun.awt.X11GraphicsEnvironment"/>
    <property name="surefire.real.class.path" value="/home/rodrigo/Documentos/LABORATORIO/LDH_PFInal/target/surefire/surefirebooter14994473017314612173.jar"/>
    <property name="sun.management.compiler" value="HotSpot 64-Bit Tiered Compilers"/>
    <property name="java.runtime.version" value="11.0.17+8-post-Ubuntu-1ubuntu222.04"/>
    <property name="user.name" value="rodrigo"/>
    <property name="path.separator" value=":"/>
    <property name="os.version" value="5.15.0-56-generic"/>
    <property name="java.runtime.name" value="OpenJDK Runtime Environment"/>
    <property name="file.encoding" value="UTF-8"/>
    <property name="java.vm.name" value="OpenJDK 64-Bit Server VM"/>
    <property name="localRepository" value="/home/rodrigo/.m2/repository"/>
    <property name="java.vendor.url.bug" value="https://bugs.launchpad.net/ubuntu/+source/openjdk-lts"/>
    <property name="java.io.tmpdir" value="/tmp"/>
    <property name="java.version" value="11.0.17"/>
    <property name="user.dir" value="/home/rodrigo/Documentos/LABORATORIO/LDH_PFInal"/>
    <property name="os.arch" value="amd64"/>
    <property name="java.vm.specification.name" value="Java Virtual Machine Specification"/>
    <property name="java.awt.printerjob" value="sun.print.PSPrinterJob"/>
    <property name="sun.os.patch.level" value="unknown"/>
    <property name="java.library.path" value="/usr/java/packages/lib:/usr/lib/x86_64-linux-gnu/jni:/lib/x86_64-linux-gnu:/usr/lib/x86_64-linux-gnu:/usr/lib/jni:/lib:/usr/lib"/>
    <property name="java.vm.info" value="mixed mode, sharing"/>
    <property name="java.vendor" value="Ubuntu"/>
    <property name="java.vm.version" value="11.0.17+8-post-Ubuntu-1ubuntu222.04"/>
    <property name="sun.io.unicode.encoding" value="UnicodeLittle"/>
    <property name="java.class.version" value="55.0"/>
  </properties>
  <testcase name="printSimilarRatingsByDirector" classname="es.ull.etsii.MovieRunnerSimilarRatingsTest" time="0"/>
  <testcase name="printAverageRatings" classname="es.ull.etsii.MovieRunnerSimilarRatingsTest" time="0"/>
  <testcase name="printSimilarRatingsByGenre" classname="es.ull.etsii.MovieRunnerSimilarRatingsTest" time="0"/>
  <testcase name="printSimilarRatings" classname="es.ull.etsii.MovieRunnerSimilarRatingsTest" time="0"/>
  <testcase name="printSimilarRatingsByGenreAndMinutes" classname="es.ull.etsii.MovieRunnerSimilarRatingsTest" time="0"/>
  <testcase name="printSimilarRatingsByYearAfterAndMinutes" classname="es.ull.etsii.MovieRunnerSimilarRatingsTest" time="0"/>
  <testcase name="printAverageRatingsByYearAfterAndGenre" classname="es.ull.etsii.MovieRunnerSimilarRatingsTest" time="0"/>
</testsuite>